[  0000000] Initializing cgroup subsys cpuset
[    0.000000] Initializing cgroup subsys cpu
[    0.000000] Initializing cgroup subsys cpuacct[    0.000000] Linux version 4.4.0-128-generic (buildd@lcy01-amd64-019) (gcc version 5.4.0 20160609 (Ubuntu 5.4.0-6ubuntu1~16.04.9) ) #4-untu SMP Fri May 25 14:15:18 UTC 2018 (Ubuntu 4.4.0-128.154-generic 4.4.131)
[    0.000000] Command line: BOOT_IMAGE=/boot/vmlinuz-4.4.0-128-generic root=UUID=69189a68-230e-49da-93f2-1c985dd6dcbf ro console=tty1 console=ttyS0
[    0.000000] KERNEL supported cpus:
[    0.000000]   Intel GenuineIntel
[    0.000000]   AMD AuthenticAMD
[    0.000000]   Centaur CentaurHauls
[    0.000000] x86/fpu: xstate_offset[2]:  576, xstate_sizes[2]:  256
[    0.000000] x86/fpu: Supporting XSAVE feature 0x01: 'x87 floating point registers'
[    0.000000] x86/fpu: Supporting XSAVE feature 0x02: 'SSE registers'
[    0.000000] x86/fpu: Supporting XSAVE feature 0x04: 'AVX registers'
[    0.000000] x86/fpu: Enabled xstate features 0x7, context size is32bytes, using 'standard' format.
[    0.000000] x86/fpu: in'lazy' FPU context switches.
[    0.000000] e820: BIOS-provided physical RAM map:
[    0.000000] BIOS-e820: [mem 0x00000000000000-0x000000000009fbff] usabe
[    0.000000] BIOS-e820: [mem 0x000000000009fc00-0x000000000009ffff] reserved
[    0.000000] BIOS-e820: [mem 0x00000000000f0000-0x00000000000fffff] reserved
[    0.000000] BIOS-e820: [mem 0x0000000000100000-0x000000003ffeffff] usable
[    0.000000] BIOS-e820: [mem 0x000000003fff0000-0x000000003fffffff] ACPI data
[    0.000000] BIOS-e820: [mem 0x00000000fec00000-0x00000000fec00fff] reserved
[    0.000000] BIOS-e820: [mem 0x00000000fee00000-0x00000000fee00fff] reserved
[    0.000000] BIOS-e820: [mem 0x00000000fffc0000-0x00000000ffffffff] reserved
[    0.000000] NX (Execute Disable) protection: active
[    0.000000] SMBIOS 2.5 present.
[    0.000000] Hypervisor detected: KVM
[    000000] e820: la_p = 0x3fff0 max_arch_pfn  0x400000
[    0.000000] MTRR: Disabled
[    0.000000] x86/PAT: MTRRs disabled, skipping PAT initialization too.
[    0.000000] CPU MTRRs all blank - virtualized system.
[    0.000000] x86/PAT: Configuration [0-7]: WB  WT  UC- UC  WB  WT  UC- UC  
[    0.000000] found SMP MP-table at [mem 0x0009fff0-0x0009ffff] mapped at [ffff88000009fff0]
[    0.000000] Scanning 1 areas for low memory corruption
[    0.000000] RAMDISK: [mem 0x361f4000-0x370f1fff]
[    0.000000] ACPI: Early table checksum verification disabled
[    0.000000] ACPI: RSDP 0x00000000000E0000 000024 (v02 VBOX 
   0.000000] ACPI:SD 0x000003FFF0030 00003Cv0VBOX   VBOXXSDT 00000001 ASL  000006
   0.000000] ACP FCP 0x000000003FFF00F0 0000F4 (v04 VBOX   VBOXFACP 0000000 AS 0000061)
[    0.000000] ACPI: DSDT 0x000000003FFF0470 0021FF (v02 VBOX   VBOXBIOS 00000002 INTL 20180105)
[    0.000000] ACPI: FACS 0x000000003FFF0200 000040
[    0.0000]ACPI: FACS 0x000000003FFF0200040
[    0.000000] ACPI: APIC 0x000000003FFF0240 00005C (v02 VBOX   VBOPI00000001 ASL  0000)
[    0.000000] PISSDT 0x000000003F00 00CC(v01 VBOX   VBOXCPUT 00000002 INT200105)
[    0.000000] No NUMA nfguration found
[  0000000] Faking a node at [me0x00000000000-0x000000003ffeffff]
[  0.0000] NODE_DATA(0) allocated [mem 0x3ffeb000-0x3ffeffff]
[    0.000000] kvm-clock: Using msrs 4b564d01 and 4b564d00
[    0.000000] kvm-clock: cpu 0, msr 0:3ffe3001, primary cpu clock
[    0.000000] kvm-clock: using sched offset of 3183437711 cycles
[    0.000000] cocsorce: kvm-clock: mask: 0xffffffffffff max_cycles: 0x1cd42e4dffb, max_idle_ns: 881590591483 ns
[    0.000000] Zone ranges:
[    0.000000]   DMA      [mem 0x0000000000001000-0x0000000000ffffff]
[    0.000000]   DMA32    [mem 0x0000000001000000-0x000000feffff]
[    0.000000]   Normal   empty[   0.000000]   Device   empty
  0.000000] Movable zone start for each node
[    0.000000] Early memory node ranges
[    0.000000]   node   0: [mem 0x0000000000001000-0x000000000009efff]
[    0.000000]   node   0: [mem 0x0000000000100000-0x000000003ffeffff]
[    0.000000] Initmem setup node 0 [mem 0x0000000000001000-0x000003ffeffff]
[    0.000000] ACPI: PM-Timer IO Port: 0x4008
[    0.000000] IOAPIC[0]: apic_id 2, version 32, address 0xfec00000, GSI 0-23
[    0.000000] ACPI: INT_SRC_OVR (bus 0 bus_irq 0 global_irq 2 dfl dfl)
[    0.000000] ACPI: INT_SRC_OVR (bus 0 bus_irq 9 global_irq 9 low level)
[    0.000000] Using ACPI (MADT) for SMP configuration information
[    0.000000] smpboot: Allowing 2 CPUs, 0 hotplug CPUs
[    0.000000] PM: Registered nosave memory: [mem 0x00000000-0x00000fff]
[    0.000000] PM: Registered nosave memory: [mem 0x0009f000-0x0009ffff]
[    0.000000] PM: Registered nosave memory: [mem 0x000a0000-0x000effff]
[    0.000000] PM: Registered nosave memory: [mem 0x000f0000-0x000fffff]
[    0.000000] e820: [mem 0x40000000-0xfebfffff] available for PCI devices
[    0.000000] Booting paravirtualized kernel on KVM
[    0.000000] clocksource: refined-jiffies: mask: 0xfffffffff max_cycles: 0xffffffff, max_idle_ns: 7645519600211568 ns
[    0.000000] setup_percpu: NR_CPUS:512 nr_cpumask_bits:512 nr_cpu_ids:2 nr_node_ids:1
[    0.000000] PERCPU: Embedded 34 pages/cpu @ffff88003fc00000 s99544 r8192 d31528 u1048576
[    0.000000] PV qspinlock hash table entries: 256 (order: 0, 4096 bytes)
[    0.000000] Built 1 zonelists in Node order, mobility grouping on.  Total pages: 257912
[    0.000000] Policy zone: DMA32
[    0.000000] Kernel command line: BOOT_IMAGE=/boot/vmlinuz-4.4.0-128-generic root=UUID=69189a68-230e-49da-93f2-1c985dd6dcbf ro console=tty1 console=ttyS0
[    0.000000] PID hash table entries: 4096 (order: 3, 32768 bytes)
[    0.000000] Memory: 997168K/1048120K available (8541K kernel code, 1313K rwdata, 4000K rodata, 1512K init, 1316K bss, 50952K reserved, 0K cma-reserved)
[    0.000000] SLUB: HWalign=64, Order=0-3, MinObjects=0, CPUs=2, Nodes=1
[    0.000000] Kernel/User page tables isolation: enabled
[    0.000000] Hierarchical RCU implementation.
[    0.000000] 	Build-time adjustment of leaf fanout to 64.
[    0.000000] 	RCU restricting CPUs from NR_CPUS=512 to nr_cpu_ids=2.
[    0.000000] RCU: Adjusting geometry for rcu_fanout_leaf=64, nr_cpu_ids=2
[    0.000000] NR_IRQS:33024 nr_irqs:440 16
[    0.000000] Console: colour VGA+ 80x25
[    0.000000] console [tty1] enabled
[    0.000000] console [ttyS0] enabled
[    0.000000] tsc: Detected 2808.014 MHz processor
[    5.518791] Calibrating delay loop (skipped) preset value.. 5616.02 BogoMIPS (lpj=11232056)
[    5.520509] pid_max: default: 32768 minimum: 301
[    5.521433] ACPI: Core revision 20150930
[   .523237] ACPI: 2 ACPI AML tables successfully acquired and loaded
[    5.702013] Security Framework initialized
[    5.750270] Yama: becoming mindful.
[    5.750949] AppArmor: AppArmor initialized
[    5.751752] Dentry cache hash table entries: 131072 (order: 8, 1048576 bytes)
[    5.808880] Inode-cache hash table entries: 65536 (order: 7, 524288 bytes)
[    5.810620] Mount-cache hash table entries: 2048 (order: 2, 16384 bytes)
[    5.812205] Mountpoint-cache hash table entries: 2048 (order: 2, 16384 bytes)
[    5.813716] Initializing cgroup subsys io
[    5.864676] Initializing cgroup subsys memory
[    5.984724] Initializing cgroup subsys devices
[    6.061155] Initializing cgroup subsys freezer
[    6.143606] Initializing cgroup subsys net_cls
[    6.144382] Initializing cgroup subsys perf_event
[    6.145179] Initializing cgroup subsys net_prio
[    6.225391] Initializing cgroup subsys hugetlb
[    6.272157] Initializing cgroup subsys pids
[    6.273073] CPU: Physical Processor ID: 0
[    6.273909] CPU: Processor Core ID: 0
[    6.275885] mce: CPU supports 0 MCE banks
[    6.276734] Last level iTLB entries: 4KB 64, 2MB 8, 4MB 8
[    6.277763] Last level dTLB entries: 4KB 64, 2MB 0, 4MB 0, 1GB 4
[    6.278914] Spectre V2 : Mitigation: Full generic retpoline
[    6.279978] Spectre V2 : Speculation control IBPB not-supported IBRS not-supported
[    6.467157] Spectre V2 : Filling RSB on context switch
[    6.590061] Speculative Store Bypass: Vulnerable
[    6.609829] Freeing SMP alternatives memory: 32K
[    6.631508] ftrace: allocating 32236 entries in 126 pages
[    6.686706] smpboot: APIC(0) Converting physical 0 to logical package 0
[    6.693196] smpboot: Max logical packages: 1
[    6.694327] x2apic enabled
[    6.695198] Switched APIC routing to physical x2apic.
[    6.697283] ..TIMER: vector=0x30 apic1=0 pin1=2 apic2=-1 pin2=-1
[    6.810114] APIC calibration not consistent with PM-Timer: 104ms instead of 100ms
[    6.864899] APIC delta adjusted to PM-Timer: 6249967 (6500906)
[    7.026155] smpboot: CPU0: Intel(R) Core(TM) i7-7700HQ CPU @ 2.80GHz (family: 0x6, model: 0x9e, stepping: 0x9)
[    7.117757] Performance Events: unsupported p6 CPU model 158 no PMU driver, software events only.
[    7.194976] KVM setup paravirtual spinlock
[    7.259665] x86: Booting SMP configuration:
[    7.325100] .... node  #0, CPUs:      #1
[    7.383816] kvm-clock: cpu 1, msr 0:3ffe3041, secondary cpu clock
[    7.423498] mce: CPU supports 0 MCE banks
[    7.426025] x86: Booted up 1 node, 2 CPUs
[    7.471882] smpboot: Total of 2 processors activated (11232.05 BogoMIPS)
[    7.473483] devtmpfs: initialized
[    7.568225] evm: security.selinux
[    7.608740] evm: security.SMACK64
[    7.609476] evm: security.SMACK64EXEC
[    7.610268] evm: security.SMACK64TRANSMUTE
[    7.611118] evm: security.SMACK64MMAP
[    7.623699] evm: security.ima
[    7.624424] evm: security.capability
[    7.625448] clocksource: jiffies: mask: 0xffffffff max_cycles: 0xffffffff, max_idle_ns: 7645041785100000 ns
[    7.627417] futex hash table entries: 512 (order: 3, 32768 bytes)
[    7.707548] pinctrl core: initialized pinctrl subsystem
[    7.732457] RTC time: 13:48:38, date: 06/14/18
[    7.733550] NET: Registered protocol family 16
[    7.745848] cpuidle: using governor ladder
[    7.758214] cpuidle: using governor menu
[    7.760139] PCCT header not found.
[    7.760937] ACPI: bus type PCI registered
[    7.761771] acpiphp: ACPI Hot Plug PCI Controller Driver version: 0.5
[    7.763058] PCI: Using configuration type 1 for base access
[    7.774762] ACPI: Added _OSI(Module Device)
[    7.831145] ACPI: Added _OSI(Processor Device)
[    7.960976] ACPI: Added _OSI(3.0 _SCP Extensions)
[    8.071575] ACPI: Added _OSI(Processor Aggregator Device)
[    8.196599] ACPI: Executed 1 blocks of module-level executable AML code
[    8.315395] ACPI: Interpreter enabled
[    8.395310] ACPI: (supports S0 S5)
[    8.452523] ACPI: Using IOAPIC for interrupt routing
[    8.453703] PCI: Using host bridge windows from ACPI; if necessary, use "pci=nocrs" and report a bug
[    8.484533] ACPI: PCI Root Bridge [PCI0] (domain 0000 [bus 00-ff])
[    8.649740] acpi PNP0A03:00: _OSC: OS supports [ASPM ClockPM Segments MSI]
[    8.762335] acpi PNP0A03:00: _OSC: not requesting OS control; OS requires [ExtendedConfig ASPM ClockPM MSI]
[    8.979482] acpi PNP0A03:00: fail to add MMCONFIG information, can't access extended PCI configuration space under this bridge.
[    8.981915] PCI host bridge to bus 0000:00
[    8.982761] pci_bus 0000:00: root bus resource [io  0x0000-0x0cf7 window]
[    8.983978] pci_bus 0000:00: root bus resource [io  0x0d00-0xffff window]
[    8.985213] pci_bus 0000:00: root bus resource [mem 0x000a0000-0x000bffff window]
[    8.986754] pci_bus 0000:00: root bus resource [mem 0x40000000-0xfdffffff window]
[    8.998387] pci_bus 0000:00: root bus resource [bus 00-ff]
[    9.041634] pci 0000:00:01.1: legacy IDE quirk: reg 0x10: [io  0x01f0-0x01f7]
[    9.214039] pci 0000:00:01.1: legacy IDE quirk: reg 0x14: [io  0x03f6]
[    9.304079] pci 0000:00:01.1: legacy IDE quirk: reg 0x18: [io  0x0170-0x0177]
[    9.442547] pci 0000:00:01.1: legacy IDE quirk: reg 0x1c: [io  0x0376]
[    9.459133] pci 0000:00:07.0: quirk: [io  0x4000-0x403f] claimed by PIIX4 ACPI
[    9.509238] pci 0000:00:07.0: quirk: [io  0x4100-0x410f] claimed by PIIX4 SMB
[    9.663770] ACPI: PCI Interrupt Link [LNKA] (IRQs 5 9 10 *11)
[    9.702629] ACPI: PCI Interrupt Link [LNKB] (IRQs 5 9 *10 11)
[    9.704130] ACPI: PCI Interrupt Link [LNKC] (IRQs 5 *9 10 11)
[    9.738230] ACPI: PCI Interrupt Link [LNKD] (IRQs 5 9 10 *11)
[    9.739790] ACPI: Enabled 2 GPEs in block 00 to 07
[    9.741866] vgaarb: setting as boot device: PCI:0000:00:02.0
[    9.767879] vgaarb: device added: PCI:0000:00:02.0,decodes=io+mem,owns=io+mem,locks=none
[    9.904310] vgaarb: loaded
[    9.962912] vgaarb: bridge control possible 0000:00:02.0
[    9.969964] SCSI subsystem initialized
[    9.971237] ACPI: bus type USB registered
[    9.972429] usbcore: registered new interface driver usbfs
[    9.973842] usbcore: registered new interface driver hub
[    9.987210] usbcore: registered new device driver usb
[    9.988890] PCI: Using ACPI for IRQ routing
[   10.042859] NetLabel: Initializing
[   10.094974] NetLabel:  domain hash size = 128
[   10.128926] NetLabel:  protocols = UNLABELED CIPSOv4
[   10.144244] NetLabel:  unlabeled traffic allowed by default
[   10.210759] amd_nb: Cannot enumerate AMD northbridges
[   10.250568] clocksource: Switched to clocksource kvm-clock
[   0.57] pprm: pprm Filesstem Ebld  0.0811pn P AI it[  13373pn PP PIfod devices
[   11.811824] clocksource: acpi_pm: mask: 0xffffff max_cycles: 0xffffff, max_idle_ns: 2085701024 ns
[   11.813380] NET: Registered protocol family 2
[   11.914574] TCP established hash table entries: 8192 (order: 4, 65536 bytes)
[   11.955078] TCP bind hash table entries: 8192 (order: 5, 131072 bytes)
[   12.204734] TCP: Hash tables configured (established 8192 bind 8192)
[   12.234453] UDP hash table entries: 512 (order: 2, 16384 bytes)
[   12.295641] UDP-Lite hash table entries: 512 (order: 2, 16384 bytes)
[   12.364776] NET: Registered protocol family 1
[   12.404584] pci 0000:00:00.0: Limiting direct PCI/PCI transfers
[   12.577354] pci 0000:00:01.0: Activating ISA DMA hang workarounds
[   12.578481] Unpacking initramfs...
[   13.083453] Freeing initrd memory: 15352K
[   13.094555] platform rtc_cmos: registered platform RTC device (no PNP device found)
[   13.105054] Scanning for low memory corruption every 60 seconds
[   13.112655] audit: initializing netlink subsys (disabled)
[   13.154526] audit: type=2000 audit(1528984119.700:1): initialized
[   13.376407] Initialise system trusted keyring
[   13.554331] HugeTLB registered 2 MB page size, pre-alloctted 0 pages
[   13.926892] zbud: loaded
[   13.954534] VFS: Disk quotas dquot_6.6.0
[   14.164000] tsc: Refined TSC clocksource calibration: 2808.409 MHz
[   14.334182] clocksource: tsc: mask: 0xffffffffffffffff max_cycles: 0x287b485e05b, max_idle_ns: 440795264866 ns
[   14.334313] VFS: Dquot-cache hash table entries: 512 (order 0, 4096 bytes)
[   14.334658] squashfs: version 4.0 (2009/01/31) Phillip Lougher
[   14.595831] fuse init (API version 7.23)
[   14.596505] Key type big_key registered
[   14.596551] Allocating IMA MOK and blacklist keyrings.
[   14.597085] Key type asymmetric registered
[   14.597110] Asymmetric key parser 'x509' registered
[   14.597238] Block layer SCSI generic (bsg) driver version 0.4 loaded (major 249)
[   14.597401] io scheduler noop registered
[   14.597404] io scheduler deadline registered (default)
[   14.597508] io scheduler cfq registered
[   14.597849] pci_hotplug: PCI Hot Plug PCI Core version: 0.5
[   14.597860] pciehp: PCI Express Hot Plug Controller Driver version: 0.4
[   14.598344] ACPI: AC Adapter [AC] (on-line)
[   14.598539] input: Power Button as /devices/LNXSYSTM:00/LNXPWRBN:00/input/input0
[   14.598547] ACPI: Power Button [PWRF]
[   14.598882] input: Sleep Button as /devices/LNXSYSTM:00/LNXSLPBN:00/input/input1
[   14.598887] ACPI: Sleep Button [SLPF]
[   14.599366] GHES: HEST is not enabled!
[   14.601234] ACPI: Battery Slot [BAT0] (battery present)
[   14.601424] Serial: 8250/16550 driver, 32 ports, IRQ sharing enabled
[   14.724309] 00:02: ttyS0 at I/O 0x3f8 (irq = 4, base_baud = 115200) is a 16550A
[   14.759288] Linux agpgart interface v0.103
[   14.904136] loop: module loaded
[   14.905314] scsi host0: ata_piix
[   14.905463] scsi host1: ata_piix
[   14.905526] ata1: PATA max UDMA/33 cmd 0x1f0 ctl 0x3f6 bmdma 0xd000 irq 14
[   14.905527] ata2: PATA max UDMA/33 cmd 0x170 ctl 0x376 bmdma 0xd008 irq 15
[   14.905716] libphy: Fixed MDIO Bus: probed
[   14.905719] tun: Universal TUN/TAP device driver, 1.6
[   14.905719] tun: (C) 1999-2004 Max Krasnyansky <maxk@qualcomm.com>
[   14.906403] PPP generic driver version 2.4.2
[   14.906654] ehci_hcd: USB 2.0 'Enhanced' Host Controller (EHCI) Driver
[   14.906668] ehci-pci: EHCI PCI platform driver
[   14.906712] ehci-platform: EHCI generic platform driver
[   14.906727] ohci_hcd: USB 1.1 'Open' Host Controller (OHCI) Driver
[   14.906732] ohci-pci: OHCI PCI platform driver
[   14.906743] ohci-platform: OHCI generic platform driver
[   14.906755] uhci_hcd: USB Universal Host Controller Interface driver
[   14.906945] i8042: PNP: PS/2 Controller [PNP0303:PS2K,PNP0f03:PS2M] at 0x60,0x64 irq 1,12
[   14.907696] serio: i8042 KBD port at 0x60,0x64 irq 1
[   14.907724] serio: i8042 AUX port at 0x60,0x64 irq 12
[   14.908074] mousedev: PS/2 mouse device common for all mice
[   14.908636] input: AT Translated Set 2 keyboard as /devices/platform/i8042/serio0/input/input2
[   14.909304] rtc_cmos rtc_cmos: rtc core: registered rtc_cmos as rtc0
[   14.909377] rtc_cmos rtc_cmos: alarms up to one day, 114 bytes nvram
[   14.909388] i2c /dev entries driver
[   14.909455] device-mapper: uevent: version 1.0.3
[   14.909511] device-mapper: ioctl: 4.34.0-ioctl (2015-10-28) initialised: dm-devel@redhat.com
[   14.909531] ledtrig-cpu: registered to indicate activity on CPUs
[   14.909805] NET: Registered protocol family 10
[   14.909956] NET: Registered protocol family 17
[   14.909965] Key type dns_resolver registered
[   14.910188] registered taskstats version 1
[   14.910206] Loading compiled-in X.509 certificates
[   14.910849] Loaded X.509 cert 'Build time autogenerated kernel key: fc7b57a7df019f2655f66a8a374d74ee8f4999fc'
[   14.910885] zswap: loaded using pool lzo/zbud
[   14.917970] Key type trusted registered
[   14.931315] Key type encrypted registered
[   14.931338] AppArmor: AppArmor sha1 policy hashing enabled
[   14.931347] ima: No TPM chip found, activating TPM-bypass!
[   14.931402] evm: HMAC attrs: 0x1
[   14.932230]   Magic number: 6:218:837
[   15.059779] rtc_cmos rtc_cmos: setting system clock to 2018-06-14 13:48:46 UTC (1528984126)
[   15.060132] BIOS EDD facility v0.16 2004-Jun-25, 0 devices found
[   15.060133] EDD information not available.
[   16.592874] Freeing unused kernel memory: 1512K
[   16.623020] Write protecting the kernel read-only data: 14336k
[   16.624722] Freeing unused kernel memory: 1688K
[   16.627793] Freeing unused kernel memory: 96K
Loading, please wait...
starting version[   16.640363] random: systemd-udevd: uninitialized urandom read (16 bytes read, 5 bits of entropy available)
 229
[   16.640981] random: udevadm: uninitialized urandom read (16 bytes read, 5 bits of entropy available)
[   16.641001] random: udevadm: uninitialized urandom read (16 bytes read, 5 bits of entropy available)
[   16.647976] random: udevadm: uninitialized urandom read (16 bytes read, 5 bits of entropy available)
[   16.648018] random: udevadm: uninitialized urandom read (16 bytes read, 5 bits of entropy available)
[   16.648139] random: udevadm: uninitialized urandom read (16 bytes read, 5 bits of entropy available)
[   16.648184] random: udevadm: uninitialized urandom read (16 bytes read, 5 bits of entropy available)
[   16.648227] random: udevadm: uninitialized urandom read (16 bytes read, 5 bits of entropy available)
[   16.648271] random: udevadm: uninitialized urandom read (16 bytes read, 5 bits of entropy available)
[   16.648315] random: udevadm: uninitialized urandom read (16 bytes read, 5 bits of entropy available)
[   17.200822] e1000: Intel(R) PRO/1000 Network Driver - version 7.3.21-k8-NAPI
[   17.253974] e1000: Copyright (c) 1999-2006 Intel Corporation.
[   17.394206] Fusion MPT base driver 3.04.20
[   17.523176] Copyright (c) 1999-2008 LSI Corporation
[   17.602271] Fusion MPT SPI Host driver 3.04.20
[   17.898223] AVX2 version of gcm_enc/dec engaged.
[   17.973819] AES CTR mode by8 optimization enabled
[   18.108735] input: ImExPS/2 Generic Explorer Mouse as /devices/platform/i8042/serio1/input/input4
[   18.414661] e1000 0000:00:03.0 eth0: (PCI:33MHz:32-bit) 02:70:57:db:6d:ee
[   18.508861] e1000 0000:00:03.0 eth0: Intel(R) PRO/1000 Network Connection
[   18.516742] mptbase: ioc0: Initiating bringup
[   18.618999] ioc0: LSI53C1030 A0: Capabilities={Initiator}
[   19.356648] scsi host2: ioc0: LSI53C1030 A0, FwRev=00000000h, Ports=1, MaxQ=256, IRQ=20
[   19.610964] scsi 2:0:0:0: Direct-Access     VBOX     HARDDISK         1.0  PQ: 0 ANSI: 5
[   19.827713] scsi target2:0:0: Beginning Domain Validation
[   19.993469] scsi target2:0:0: Domain Validation skipping write tests
[   19.995683] scsi target2:0:0: Ending Domain Validation
[   19.996618] scsi target2:0:0: asynchronous
[   19.998756] scsi 2:0:1:0: Direct-Access     VBOX     HARDDISK         1.0  PQ: 0 ANSI: 5
[   20.239495] scsi target2:0:1: Beginning Domain Validation
[   20.404914] scsi target2:0:1: Domain Validation skipping write tests
[   20.407704] scsi target2:0:1: Ending Domain Validation
[   20.408620] scsi target2:0:1: asynchronous
[   20.414181] sd 2:0:0:0: [sda] 20971520 512-byte logical blocks: (10.7 GB/10.0 GiB)
[   20.414221] sd 2:0:0:0: Attached scsi generic sg0 type 0
[   20.414610] sd 2:0:1:0: [sdb] 20480 512-byte logical blocks: (10.5 MB/10.0 MiB)
[   20.414754] sd 2:0:1:0: [sdb] Write Protect is off
[   20.414821] sd 2:0:1:0: [sdb] Incomplete mode parameter data
[   20.414822] sd 2:0:1:0: [sdb] Assuming drive cache: write through
[   20.415178] sd 2:0:1:0: Attached scsi generic sg1 type 0
[   20.430228] sd 2:0:0:0: [sda] Write Protect is off
[   20.431205] sd 2:0:0:0: [sda] Incomplete mode parameter data
[   20.432178] sd 2:0:0:0: [sda] Assuming drive cache: write through
[   20.434613]  sda: sda1
[   20.436955] sd 2:0:1:0: [sdb] Attached SCSI disk
[   20.438310] e1000 0000:00:08.0 eth1: (PCI:33MHz:32-bit) 08:00:27:6f:06:5e
[   20.439401] e1000 0000:00:08.0 eth1: Intel(R) PRO/1000 Network Connection
[   20.440921] sd 2:0:0:0: [sda] Attached SCSI disk
[   20.441311] e1000 0000:00:03.0 enp0s3: renamed from eth0
[   20.527063] e1000 0000:00:08.0 enp0s8: renamed from eth1
Begin: Loading e[   21.870215] md: linear personality registered for level -1
ssential drivers[   21.941376] md: multipath personality registered for level -4
 ... [   22.034342] md: raid0 personality registered for level 0
[   22.037853] md: raid1 personality registered for level 1
[   22.106594] raid6: sse2x1   gen()  8972 MB/s
[   22.266613] raid6: sse2x1   xor()  6825 MB/s
[   22.418614] raid6: sse2x2   gen() 11833 MB/s
[   22.526626] raid6: sse2x2   xor()  8240 MB/s
[   22.602626] raid6: sse2x4   gen() 13285 MB/s
[   22.742633] raid6: sse2x4   xor()  9520 MB/s
[   22.890587] raid6: avx2x1   gen() 18514 MB/s
[   22.994817] raid6: avx2x2   gen() 14888 MB/s
[   23.094638] raid6: avx2x4   gen() 20873 MB/s
[   23.211014] raid6: using algorithm avx2x4 gen() 20873 MB/s
[   23.376105] raid6: using avx2x2 recovery algorithm
[   23.521344] xor: automatically using best checksumming function:
[   23.902571]    avx       : 39647.000 MB/sec
[   23.933527] async_tx: api initialized (async)
[   23.941269] md: raid6 personality registered for level 6
[   24.017269] md: raid5 personality registered for level 5
[   24.019311] md: raid4 personality registered for level 4
[   24.025696] md: raid10 personality registered for level 10
done.
Begin: Running /[   24.189523] Btrfs loaded
scripts/init-premount ... done.
Begin: Mounting root file system ... Begin: Running /scripts/local-top ... done.
Begin: Running /scripts/local-premount ... Scanning for Btrfs filesystems
done.
Warning: fsck no[   24.217906] EXT4-fs (sda1): INFO: recovery required on readonly filesystem
t present, so skipping root file system
[   24.229346] EXT4-fs (sda1): write access will be enabled during recovery
[   24.254919] EXT4-fs (sda1): recovery complete
[   24.280528] EXT4-fs (sda1): mounted filesystem with ordered data mode. Opts: (null)
done.
Begin: Running /scripts/local-bottom ... done.
Begin: Running /scripts/init-bottom ... done.
[   24.372851] systemd[1]: systemd 229 running in system mode. (+PAM +AUDIT +SELINUX +IMA +APPARMOR +SMACK +SYSVINIT +UTMP +LIBCRYPTSETUP +GCRYPT +GNUTLS +ACL +XZ -LZ4 +SECCOMP +BLKID +ELFUTILS +KMOD -IDN)
[   24.424329] systemd[1]: Detected virtualization oracle.
[   24.485619] systemd[1]: Detected architecture x86-64.

Welcome to [1mUbuntu 16.04.4 LTS[0m!

[   24.5475]syted[: t stname to <ubuntu-xenial>.
[   25.171055] systemd[1]: Listening on Journal Socket.
[[0;32m  OK  [0m] Listening on Journal Socket.
[   25.181839] systemd[1]: Listening on Device-mapper event daemon FIFOs.
[[0;32m  OK  [0m] Listening on Device-mapper e[   25.184808] random: nonblocking pool is initialized
vent daemon FIFOs.
[   25.322798] systemd[1]: Reached target Encrypted Volumes.
[[0;32m  OK  [0m] Reached target Encrypted Volumes.
[   25.843078] systemd[1]: Listening on Journal Socket (/dev/log).
[[0;32m  OK  [0m] Listening on Journal Socket (/dev/log).
[   25.992546] systemd[1]: Set up automount Arbitrary Executable File Formats File System Automount Point.
[[0;32m  OK  [0m] Set up automount Arbitrary Executab...ats File System Automount Point.
[   25.995371] systemd[1]: Created slice User and Session Slice.
[[0;32m  OK  [0m] Created slice User and Session Slice.
[   25.997280] systemd[1]: Created slice System Slice.
[[0;32m  OK  [0m] Created slice System Slice.
[   26.010835] systemd[1]: Starting Create list of required static device nodes for the current kernel...
         Starting Create list of required st... nodes for the current kernel...
[   26.144100] systemd[1]: Starting Remount Root and Kernel File Systems...
         Starting Remount Root and Kernel File Systems...
[   26.148430] systemd[1]: Starting Load Kernel Modules...
[   26.379186] Loading iSCSI transport class v2.0-870.
         Startin[   26.643239] EXT4-fs (sda1): re-mounted. Opts: (null)
g Load Kernel Modules...
[   27.095793] iscsi: registered transport (tcp)
[   27.242794] systemd[1]: Reached target User and Group Name Lookups.
[[0;32m  OK  [0m] Reached targe[   27.709411] iscsi: registered transport (iser)
t User and Group Name Lookups.
[   27.955109] systemd[1]: Ltengn urnal Auitoct.
[[0;32m  OK  [0m] Listening on Journal Audit Socket.
[   28.511598] systemd[1]: Starting Set console keymap...
         Starting Set console keymap...
[   28.699168] systemd[1]: Listening on /dev/initctl Compatibility Named Pipe.
[[0;32m  OK  [0m] Listening on /dev/initctl Compatibility Named Pipe.
[   28.987029] systemd[1]: Starting Nameserver information manager...
         Starting Nameserver information manager...
[   29.263301] systemd[1]: Mounting Debug File System...
         Mounting Debug File System...
[ 29.367515] systemd[1]: Created slice system-serial\x2dgetty.slice.
[[0;32m  OK  [0m] Created slice system-serial\x2dgetty.slice.
[   29.722825] systemd[1]: Reached target Swap.
[[0;32m  OK  [0m] Reached target Swap.
[   29.738997] systemd[1]: Mounting Huge Pages File System...
         Mounting Huge Pages File System...
[  29.919574] systemd[1]: Reached target System Time Synchronized.
[[0;32m  OK  [0m] Reached target System Time Synchronized.
[  30.370662] systemd[1]: Listening on LVM2 metadata daemon socket.
[[0;32m  OK  [0m] Listening on LVM2 metadata daemon socket.
[   30.827245] systemd[1]: Starting Monitoring of LVM2 mirrors, snapshots etc. using dmeventd or progress polling...
         Starting Monitoring of LVM2 mirrors... dmeventd or progress polling...
[   31.223205] systemd[1]: Listening on LVM2 poll daemon socket.
[[0;32m  OK  [0m] Listening on LVM2 poll daemon socket.
[   31.567272] systemd[1]: Listening on udev Kernel Socket.
[[0;32m  OK  [0m] Listening on udev Kernel Socket.
[   31.963269] systemd[1]: Mounting POSIX Message Queue File System...
         Mounting POSIX Message Queue File System...
[ 32198]systemd[1]: Listening on Syslog Socket.
[[0;32m  OK  [0m] Listening on Syslog Socket.
[   32.639659] systemd[1]: Starting Journal Service...
         Starting Journal Service...
[   32.830982] systemd[1]: Starting Uncomplicated firewall...
         Starting Uncomplicated firewall...
[ 33594]ysemd[1]: Listening on udev Control Socket.
[[0;32m  OK  [0m] Listening on udev Control Socket.
[   33.554881] systemd[1]: Started Forward Password Requests to Wall Directory Watch.
[[0;32m  OK  [0m] Started Forward Password Requests to Wall Directory Watch.
[   34.023118] systemd[1]: Reached target Slices.
[[0;32m  OK  [0m] Reached target Slices.
[   34.307460] systemd[1]: Started Trigger resolvconf update for networkd DNS.
[[0;32m  OK  [0m] Started Trigger resolvconf update for networkd DNS.
[  34.371642] systemd[1]: Mounted POSIX Message Queue File System.
[[0;32m  OK  [0m] Mounted POSIX Message Queue File System.
[   34.641804] systemd[1]: Mounted Huge Pages File System.
[[0;32m  OK  [0m] Mounted Huge Pages File System.
[   34.644170] systemd[1]: Mounted Debug File System.
[[0;32m  OK  [0m] Mounted Debug File System.
[   34.646460] systemd[1]: Started Journal Service.
[[0;32m  OK  [0m] Started Journal Service.
[[0;32m  OK  [0m] Started Create list of required sta...ce nodes for the current kernel.
[[0;32m  OK  [0m] Started Remount Root and Kernel File Systems.
[[0;32m  OK  [0m] Started Load Kernel Modules.
[[0;32m  OK  [0m] Started Set console keymap.
[[0;32m  OK  [0m] Started Uncomplicated firewall.
[[0;32m  OK  [0m] Started Nameserver information manager.
[[0;32m  OK  [0m] Started LVM2 metadata daemon.
         Mounting FUSE Control File System...
         Starting Apply Kernel Variables...
         Starting udev Coldplug all Devices...
         Starting Load/Save Random Seed...
         Starting Create Static Device Nodes in /dev...
         Starting Flush Journal to Persistent Storage...
[[0;32m  OK  [0m] Mounted FUSE Control File System.
[[0;32m  OK  [0m] Started Monitoring of LVM2 mirrors,...ng dmeventd or progress polling.
[[0;32m  OK  [0m] Started Apply Kernel Variables.
[[0;32m  OK  [0m] Started Load/Save Random Seed.
[[0;32m  OK  [0m] Started Create Static Device Nodes in /dev.
[[0;32m  OK  [0m] Started udev Coldplug all Devices.
         Starting udev Kernel Device Manager...
[[0;32m  OK  [0m] Started Flush Journal to Persistent Storage.
[[0;32m  OK  [0m] Started udev Kernel Device Manager.
[[0;32m  OK  [0m] Started Dispatch Password Requests to Console Directory Watch.
[[0;32m  OK  [0m] Reached target Local File Systems (Pre).
[[0;32m  OK  [0m] Reached target Local File Systems.
         Starting Tell Plymouth To Write Out Runtime Data...
         Starting LSB: AppArmor initialization...
         Starting Set console font and keymap...
         Starting Initial cloud-init job (pre-networking)...
         Starting Create Volatile Files and Directories...
[[0;32m  OK  [0m] Started Tell Plymouth To Write Out Runtime Data.
[[0;32m  OK  [0mm Started Create Volatile Files and Directories.
         Starting Update UTMP about System Boot/Shutdown...
[[0;32m  OK  [0m] Started LSB: AppArmor initialization.
[[0;32m  OK  [0m] Found device /dev/ttyS0.
[[0;32m  OK  [0m] Listening on Load/Save RF Kill Switch Status /dev/rfkill Watch.
[[0;32m  OK  [0m] Started Set console font and keymap.
[   26.828624] cloud-init[489]: Cloud-init v. 18.2 running 'init-local' at Thu, 14 Jun 2018 13:49:07 +0000. Up 26.59 seconds.
[[0;32m  OK  [0m] Started Update UTMP about System Boot/Shutdown.
[[0;32m  OK  [0m] Started Initial cloud-init job (pre-networking).
[[0;32m  OK  [0m] Found device 82540EM Gigabit Ethern...r (PRO/1000 MT Desktop Adapter).
[[0;32m  OK  [0m] Found device 82540EM Gigabit Ethern...r (PRO/1000 MT Desktop Adapter).
[[0;32m  OK  [0m] Reached target Network (Pre).
[[0;32m  OK  [0m] Started ifup for enp0s3.
         Starting Raise network interfaces...
[[0;32m  OK  [0m] Started ifup for enp0s8.
[[0;32m  OK  [0m] Created slice system-getty.slice.
[[0;32m  OK  [0m] Started Raise network interfaces.
[[0;32m  OK  [0m] Reached target Network.
         Starting Initial cloud-init job (metadata service crawler)...
[   27.815268] cloud-init[1083]: Cloud-init v. 18.2 running 'init' at Thu, 14 Jun 2018 13:49:08 +0000. Up 27.55 seconds.
[   27.821525] cloud-init[1083]: ci-info: +++++++++++++++++++++++++++++++++++++Net device info++++++++++++++++++++++++++++++++++++++
[   27.827953] cloud-init[1083]: ci-info: +--------+------+----------------------------+---------------+-------+-------------------+
[   27.830746] cloud-init[1083]: ci-info: | Device |  Up  |          Address           |      Mask     | Scope |     Hw-Address    |
[   27.837799] cloud-init[1083]: ci-info: +--------+------+----------------------------+---------------+-------+-------------------+
[   27.849253] [cloud-init[0;32m  OK  [0m[1083]: ] ci-info: | enp0s3 | True |         10.0.2.15          | 255.255.255.0 |   .   | 02:70:57:db:6d:ee |Started Initial cloud-init job (metadata service crawler).

[   27.849697] cloud-init[1083]: ci-info: | enp0s3 | True | fe80::70:57ff:fedb:6dee/64 |       .       |  link | 02:70:57:db:6d:ee |
[   27.855339] [cloud-init[0;32m  OK  [0m[1083]: ] ci-info: | enp0s8 | True |       192.168.33.12        | 255.255.255.0 |   .   | 08:00:27:6f:06:5e |Reached target Cloud-config availability.

[[0;32m  OK  [0m] Reached target System Initialization.
[   27.855768] cloud-init         Starting LXD - unix socket.
[[0;32m  OK  [0m] Listening on UUID daemon activation socket.
[[0;32m  OK  [0m] Listening on D-Bus System Message Bus Socket.
[[0;32m  OK  [0m] Started Daily Cleanup of Temporary Directories.
[[0;32m  OK  [0m] Listening on ACPID Listen Socket.
[1083]: ci-info: | enp0s8 | True | fe80::a00:27ff:fe6f:65e/64 |       .       |  link | 08:00:27:6f:06:5e |
[   27.864915] [cloud-init[0;32m  OK  [0m[1083]: ] ci-info: |   lo   | True |         127.0.0.1          |   255.0.0.0   |   .   |         .         |Started ACPI Events Check.

[[0;32m  OK  [0m] Reached target Paths.
[   27.865362] cloud-init[1083]: ci-info: |   lo   | True |          ::1/128           |       .       |  host |         .         |
[   27.871276]          cloud-initStarting Socket activation for snappy daemon.[1083]: 
ci-info: +--------+------+----------------------------+---------------+-------+-------------------+
[   27.874507] [cloud-init[0;32m  OK  [0m[1083]: ] ci-info: ++++++++++++++++++++++++++++Route IPv4 info++++++++++++++++++++++++++++Started Daily apt download activities.

[[0;32m  OK  [0m] Started Daily apt upgrade and clean activities.
[[0;32m  OK  [0m] Reached target Timers.
[   27.874940] cloud-init[1083]: ci-info: +-------+--------------+----------+---------------+-----------+-------+
[   27.881334] [cloud-init[0;32m  OK  [0m[1083]: ] ci-info: | Route | Destination  | Gateway  |    Genmask    | Interface | Flags |Reached target Network is Online.

[   27.881762] cloud-init[1083]: ci-info: +-------+--------------+----------+---------------+-----------+-------+
[   27.886059] cloud-init[1083]: ci-info: |   0   |   0.0.0.0    | 10.0.2.2 |    0.0.0.0    |   enp0s3  |   UG  |
[   27.889187] cloud-init[1083]: ci-info: |   1   |   10.0.2.0   | 0.0.0.0  | 255.255.255.0 |   enp0s3  |   U   |
[   27.893182] cloud-init[1083]: ci-info: |   2   | 192.168.33.0 | 0.0.0.0  | 255.255.255.0 |   enp0s8  |   U   |
[   27.897196] cloud-init[1083]: ci-info: +-------+--------------+----------+---------------+-----------+-------+
         Starting iSCSI initiator daemon (iscsid)...
[[0;32m  OK  [0m] Listening on LXD - unix socket.
[[0;32m  OK  [0m] Listening on Socket activation for snappy daemon.
[[0;32m  OK  [0m] Started iSCSI initiator daemon (iscsid).
         Starting Login to default iSCSI targets...
[[0;32m  OK  [0m] Reached target Sockets.
[[0;32m  OK  [0m] Reached target Basic System.
         Starting /etc/rc.local Compatibility...
         Starting LSB: MD monitoring daemon...
         Starting Login Service...
         Starting Accounts Service...
         Starting System Logging Service...
[[0;32m  OK  [0m] Started ACPI event daemon.
         Starting Virtualbox guest utils...
[[0;32m  OK  [0m] Started FUSE filesystem for LXC.
[[0;32m  OK  [0m] Started Unattended Upgrades Shutdown.
         Starting LSB: Record successful boot for GRUB...
         Starting OpenBSD Secure Shell server...
         Starting LXD - container startup/shutdown...
[[0;32m  OK  [0m] Started Regular background program processing daemon.
[[0;32m  OK  [0m] Started D-Bus System Message Bus.
[[0;32m  OK  [0m] Started memcached daemon.
         Starting Apply the settings specified in cloud-config...
         Starting Snappy daemon...
[[0;32m  OK  [0m] Started Deferred execution scheduler.
[[0;32m  OK  [0m] Started System Logging Service.
[[0;32m  OK  [0m] Started OpenBSD Secure Shell server.
[[0;32m  OK  [0m] Started /etc/rc.local Compatibility.
[[0;32m  OK  [0m] Started LSB: MD monitoring daemon.
[[0;32m  OK  [0m] Started LXD - container startup/shutdown.
[[0;32m  OK  [0m] Started LSB: Record successful boot for GRUB.
[[0;32m  OK  [0m] Started Login to default iSCSI targets.
[[0;32m  OK  [0m] Started Login Service.
[[0;32m  OK  [0m] Started Snappy daemon.
[[0;32m  OK  [0m] Started Virtualbox guest utils.
         Starting Authenticate and Authorize Users to Run Privileged Tasks...
[[0;32m  OK  [0m] Reached target Remote File Systems (Pre).
[[0;32m  OK  [0m] Reached target Remote File Systems.
         Starting LSB: Start NTP daemon...
         Starting LSB: automatic crash report generation...
         Starting Permit User Sessions...
         Starting LSB: Set the CPU Frequency Scaling governor to "ondemand"...
         Starting LSB: daemon to balance interrupts for SMP systems...
[[0;32m  OK  [0m] Started Permit User Sessions.
         Starting Terminate Plymouth Boot Screen...
         Starting Hold until boot process finishes up...
[[0;32m  OK  [0m] Started LSB: Start NTP daemon.
[[0;32m  OK  [0m] Started LSB: automatic crash report generation.
[[0;32m  OK  [0m] Started LSB: Set the CPU Frequency Scaling governor to "ondemand".
[[0;32m  OK  [0m] Started LSB: daemon to balance interrupts for SMP systems.
[[0;32m  OK  [0m] Started Terminate Plymouth Boot Screen.
[[0;32m  OK  [0m] Started Hold until boot process finishes up.
[[0;32m  OK  [0m] Started Authenticate and Authorize Users to Run Privileged Tasks.
[[0;32m  OK  [0m] Started Accounts Service.
[[0;32m  OK  [0m] Started Getty on tty1.
         Starting Set console scheme...
[[0;32m  OK  [0m] Started Serial Getty on ttyS0.
[[0;32m  OK  [0m] Reached target Login Prompts.
[[0;32m  OK  [0m] Reached target Multi-User System.
[[0;32m  OK  [0m] Reached target Graphical Interface.
         Starting Update UTMP about System Runlevel Changes...
[[0;32m  OK  [0m] Started Set console scheme.
[[0;32m  OK  [0m] Started Update UTMP about System Runlevel Changes.
[   28.433486] cloud-init[1191]: Cloud-init v. 18.2 running 'modules:config' at Thu, 14 Jun 2018 13:49:09 +0000. Up 28.33 seconds.
[[0;32m  OK  [0m] Started Apply the settings specified in cloud-config.
         Starting Execute cloud user/final scripts...
[   28.809103] cloud-init[1333]: Cloud-init v. 18.2 running 'modules:final' at Thu, 14 Jun 2018 13:49:10 +0000. Up 28.69 seconds.
[   28.813472] cloud-init[1333]: Cloud-init v. 18.2 finished at Thu, 14 Jun 2018 13:49:10 +0000. Datasource DataSourceNoCloud [seed=/dev/sdb][dsmode=net].  Up 28.80 seconds
[[0;32m  OK  [0m] Started Execute cloud user/final scripts.
[[0;32m  OK  [0m] Reached target Cloud-init target.

Ubuntu 16.04.4 LTS ubuntu-xenial ttyS0

ubuntu-xenial login: 